2026-04-01 21:31:36,732 - INFO - 
============================================================
2026-04-01 21:31:36,736 - INFO - Ќачало скачивани€ 5 станций
2026-04-01 21:31:36,738 - INFO - ѕараллельность: 2 потока
2026-04-01 21:31:36,741 - INFO - ============================================================

2026-04-01 21:31:36,744 - INFO - 
============================================================
2026-04-01 21:31:36,744 - INFO - 
============================================================
2026-04-01 21:31:36,747 - INFO - —качивание станции 28573
2026-04-01 21:31:36,750 - INFO - —качивание станции 27612
2026-04-01 21:31:36,752 - INFO - ѕериод: 01.01.2020 - 01.01.2026
2026-04-01 21:31:36,754 - INFO - ѕериод: 01.01.2020 - 01.01.2026
2026-04-01 21:31:36,756 - INFO - ============================================================
2026-04-01 21:31:36,789 - INFO - ============================================================
2026-04-01 21:31:36,792 - INFO - ѕолучение cookies с https://rp5.ru/
2026-04-01 21:31:36,794 - INFO - ѕолучение cookies с https://rp5.ru/
2026-04-01 21:31:38,276 - INFO - ѕолучено cookies: 2 шт.
2026-04-01 21:31:39,323 - INFO - ѕопытка 1/3: https://ru1.rp5.ru/download/files.synop/27/27612.01.01.2020.01.01.2026.1.0.0.ru.utf8.00000000.csv.gz
2026-04-01 21:31:40,462 - WARNING - 403 Forbidden - пробуем следующий сервер
2026-04-01 21:31:41,520 - INFO - ѕопытка 1/3: https://ru2.rp5.ru/download/files.synop/27/27612.01.01.2020.01.01.2026.1.0.0.ru.utf8.00000000.csv.gz
2026-04-01 21:31:47,444 - WARNING - Ќе удалось получить cookies: HTTPSConnectionPool(host='rp5.ru', port=443): Read timed out. (read timeout=10)
2026-04-01 21:31:47,448 - INFO - ѕродолжаем без предварительных cookies
2026-04-01 21:31:47,451 - INFO - ѕопытка 1/3: https://ru1.rp5.ru/download/files.synop/28/28573.01.01.2020.01.01.2026.1.0.0.ru.utf8.00000000.csv.gz
2026-04-01 21:31:48,558 - WARNING - 403 Forbidden - пробуем следующий сервер
2026-04-01 21:31:49,783 - INFO - ѕопытка 1/3: https://ru2.rp5.ru/download/files.synop/28/28573.01.01.2020.01.01.2026.1.0.0.ru.utf8.00000000.csv.gz
2026-04-01 21:32:11,927 - WARNING - Timeout на попытке 1
2026-04-01 21:32:11,979 - INFO - ќжидание 2.4 сек перед следующей попыткой...
2026-04-01 21:32:14,388 - INFO - ѕопытка 2/3: https://ru2.rp5.ru/download/files.synop/27/27612.01.01.2020.01.01.2026.1.0.0.ru.utf8.00000000.csv.gz
2026-04-01 21:32:20,117 - WARNING - Timeout на попытке 1
2026-04-01 21:32:20,146 - INFO - ќжидание 3.9 сек перед следующей попыткой...
2026-04-01 21:32:24,074 - INFO - ѕопытка 2/3: https://ru2.rp5.ru/download/files.synop/28/28573.01.01.2020.01.01.2026.1.0.0.ru.utf8.00000000.csv.gz
2026-04-01 21:32:44,828 - WARNING - Timeout на попытке 2
2026-04-01 21:32:44,881 - INFO - ќжидание 3.9 сек перед следующей попыткой...
2026-04-01 21:32:48,757 - INFO - ѕопытка 3/3: https://ru2.rp5.ru/download/files.synop/27/27612.01.01.2020.01.01.2026.1.0.0.ru.utf8.00000000.csv.gz
2026-04-01 21:32:54,443 - WARNING - Timeout на попытке 2
2026-04-01 21:32:54,456 - INFO - ќжидание 2.9 сек перед следующей попыткой...
2026-04-01 21:32:57,369 - INFO - ѕопытка 3/3: https://ru2.rp5.ru/download/files.synop/28/28573.01.01.2020.01.01.2026.1.0.0.ru.utf8.00000000.csv.gz
2026-04-01 21:33:19,211 - WARNING - Timeout на попытке 3
2026-04-01 21:33:20,312 - INFO - ѕопытка 1/3: https://ru3.rp5.ru/download/files.synop/27/27612.01.01.2020.01.01.2026.1.0.0.ru.utf8.00000000.csv.gz
2026-04-01 21:33:27,749 - WARNING - Timeout на попытке 3
2026-04-01 21:33:29,049 - INFO - ѕопытка 1/3: https://ru3.rp5.ru/download/files.synop/28/28573.01.01.2020.01.01.2026.1.0.0.ru.utf8.00000000.csv.gz
2026-04-01 21:33:50,749 - WARNING - Timeout на попытке 1
2026-04-01 21:33:50,761 - INFO - ќжидание 3.7 сек перед следующей попыткой...
2026-04-01 21:33:54,455 - INFO - ѕопытка 2/3: https://ru3.rp5.ru/download/files.synop/27/27612.01.01.2020.01.01.2026.1.0.0.ru.utf8.00000000.csv.gz
2026-04-01 21:33:59,442 - WARNING - Timeout на попытке 1
2026-04-01 21:33:59,454 - INFO - ќжидание 2.8 сек перед следующей попыткой...
2026-04-01 21:34:02,250 - INFO - ѕопытка 2/3: https://ru3.rp5.ru/download/files.synop/28/28573.01.01.2020.01.01.2026.1.0.0.ru.utf8.00000000.csv.gz
2026-04-01 21:34:10,935 - WARNING - ќшибка запроса: HTTPSConnectionPool(host='ru3.rp5.ru', port=443): Max retries exceeded with url: /download/files.synop/28/28573.01.01.2020.01.01.2026.1.0.0.ru.utf8.00000000.csv.gz (Caused by SSLError(SSLEOFError(8, '[SSL: UNEXPECTED_EOF_WHILE_READING] EOF occurred in violation of protocol (_ssl.c:1081)')))
2026-04-01 21:34:10,935 - WARNING - ќшибка запроса: HTTPSConnectionPool(host='ru3.rp5.ru', port=443): Max retries exceeded with url: /download/files.synop/27/27612.01.01.2020.01.01.2026.1.0.0.ru.utf8.00000000.csv.gz (Caused by SSLError(SSLEOFError(8, '[SSL: UNEXPECTED_EOF_WHILE_READING] EOF occurred in violation of protocol (_ssl.c:1081)')))
2026-04-01 21:34:10,956 - INFO - ќжидание 2.1 сек перед следующей попыткой...
2026-04-01 21:34:10,972 - INFO - ќжидание 2.6 сек перед следующей попыткой...
2026-04-01 21:34:13,072 - INFO - ѕопытка 3/3: https://ru3.rp5.ru/download/files.synop/28/28573.01.01.2020.01.01.2026.1.0.0.ru.utf8.00000000.csv.gz
2026-04-01 21:34:13,612 - INFO - ѕопытка 3/3: https://ru3.rp5.ru/download/files.synop/27/27612.01.01.2020.01.01.2026.1.0.0.ru.utf8.00000000.csv.gz
2026-04-01 21:34:13,713 - WARNING - 403 Forbidden - пробуем следующий сервер
2026-04-01 21:34:14,189 - WARNING - 403 Forbidden - пробуем следующий сервер
2026-04-01 21:34:15,464 - INFO - 
============================================================
2026-04-01 21:34:15,581 - INFO - 
============================================================
2026-04-01 21:34:15,594 - INFO - —качивание станции 26063
2026-04-01 21:34:15,707 - INFO - —качивание станции 29634
2026-04-01 21:34:15,713 - INFO - ѕериод: 01.01.2020 - 01.01.2026
2026-04-01 21:34:15,719 - INFO - ѕериод: 01.01.2020 - 01.01.2026
2026-04-01 21:34:15,726 - INFO - ============================================================
2026-04-01 21:34:15,732 - INFO - ============================================================
2026-04-01 21:34:15,741 - INFO - ѕопытка 1/3: https://ru1.rp5.ru/download/files.synop/26/26063.01.01.2020.01.01.2026.1.0.0.ru.utf8.00000000.csv.gz
2026-04-01 21:34:15,748 - INFO - ѕопытка 1/3: https://ru1.rp5.ru/download/files.synop/29/29634.01.01.2020.01.01.2026.1.0.0.ru.utf8.00000000.csv.gz
2026-04-01 21:34:16,403 - WARNING - 403 Forbidden - пробуем следующий сервер
2026-04-01 21:34:16,432 - WARNING - 403 Forbidden - пробуем следующий сервер
2026-04-01 21:34:17,658 - INFO - ѕопытка 1/3: https://ru2.rp5.ru/download/files.synop/29/29634.01.01.2020.01.01.2026.1.0.0.ru.utf8.00000000.csv.gz
2026-04-01 21:34:17,708 - INFO - ѕопытка 1/3: https://ru2.rp5.ru/download/files.synop/26/26063.01.01.2020.01.01.2026.1.0.0.ru.utf8.00000000.csv.gz
2026-04-01 21:34:18,410 - WARNING - 403 Forbidden - пробуем следующий сервер
2026-04-01 21:34:19,226 - INFO - —охранен .gz файл: data\rp5-csv\26063.csv.gz
2026-04-01 21:34:19,262 - INFO - –аспакован CSV файл: data\rp5-csv\26063.csv (10823800 байт)
2026-04-01 21:34:19,271 - INFO - ”дален .gz файл
2026-04-01 21:34:19,281 - INFO - 
============================================================
2026-04-01 21:34:19,288 - INFO - —качивание станции 28698
2026-04-01 21:34:19,385 - INFO - ѕериод: 01.01.2020 - 01.01.2026
2026-04-01 21:34:19,391 - INFO - ============================================================
2026-04-01 21:34:19,399 - INFO - ѕопытка 1/3: https://ru1.rp5.ru/download/files.synop/28/28698.01.01.2020.01.01.2026.1.0.0.ru.utf8.00000000.csv.gz
2026-04-01 21:34:19,491 - WARNING - 403 Forbidden - пробуем следующий сервер
2026-04-01 21:34:20,384 - INFO - ѕопытка 1/3: https://ru3.rp5.ru/download/files.synop/29/29634.01.01.2020.01.01.2026.1.0.0.ru.utf8.00000000.csv.gz
2026-04-01 21:34:20,454 - WARNING - 403 Forbidden - пробуем следующий сервер
2026-04-01 21:34:21,041 - INFO - ѕопытка 1/3: https://ru2.rp5.ru/download/files.synop/28/28698.01.01.2020.01.01.2026.1.0.0.ru.utf8.00000000.csv.gz
2026-04-01 21:34:21,162 - WARNING - 403 Forbidden - пробуем следующий сервер
2026-04-01 21:34:23,149 - INFO - ѕопытка 1/3: https://ru3.rp5.ru/download/files.synop/28/28698.01.01.2020.01.01.2026.1.0.0.ru.utf8.00000000.csv.gz
2026-04-01 21:34:23,260 - WARNING - 403 Forbidden - пробуем следующий сервер
2026-04-01 21:34:28,177 - INFO - 
============================================================
2026-04-01 21:34:28,201 - INFO - «авершено: 1/5 успешно
2026-04-01 21:34:28,208 - INFO - ============================================================

2026-04-01 21:34:28,219 - INFO - «агрузка CSV в DataFrame: data\rp5-csv\26063.csv
2026-04-01 21:34:28,387 - INFO - «агружено строк: 17536, столбцов: 29
2026-04-01 21:34:28,397 - INFO - —толбцы: ћестное врем€ в —анкт-ѕетербурге, T, Po, P, Pa, U, DD, Ff, ff10, ff3...
2026-04-01 21:34:28,405 - INFO - ѕодготовка данных дл€ Ѕƒ...
2026-04-01 21:34:28,447 - WARNING - Ќе удалось конвертировать datetime: time data "-11" doesn't match format "%d.%m.%Y %H:%M". You might want to try:
    - passing `format` if your strings have a consistent format;
    - passing `format='ISO8601'` if your strings are all ISO8601 but not necessarily in exactly the same format;
    - passing `format='mixed'`, and the format will be inferred for each element individually. You might want to use `dayfirst` alongside this.
2026-04-01 21:34:28,473 - INFO - ѕодготовлено строк: 17536
2026-04-01 21:34:28,483 - INFO - —танци€ 26063: готово к загрузке в Ѕƒ
2026-04-01 21:34:28,502 - INFO - —есси€ закрыта
2026-04-01 21:35:20,164 - INFO - 
============================================================
2026-04-01 21:35:20,175 - INFO - Ќачало скачивани€ 5 станций
2026-04-01 21:35:20,177 - INFO - ѕараллельность: 2 потока
2026-04-01 21:35:20,179 - INFO - ============================================================

2026-04-01 21:35:20,182 - INFO - 
============================================================
2026-04-01 21:35:20,182 - INFO - 
============================================================
2026-04-01 21:35:20,184 - INFO - —качивание станции 28573
2026-04-01 21:35:20,187 - INFO - —качивание станции 27612
2026-04-01 21:35:20,189 - INFO - ѕериод: 01.01.2020 - 01.01.2026
2026-04-01 21:35:20,192 - INFO - ѕериод: 01.01.2020 - 01.01.2026
2026-04-01 21:35:20,195 - INFO - ============================================================
2026-04-01 21:35:20,198 - INFO - ============================================================
2026-04-01 21:35:20,202 - INFO - ѕолучение cookies с https://rp5.ru/
2026-04-01 21:35:20,206 - INFO - ѕолучение cookies с https://rp5.ru/
2026-04-01 21:35:20,985 - INFO - ѕолучено cookies: 2 шт.
2026-04-01 21:35:21,241 - INFO - ѕолучено cookies: 2 шт.
2026-04-01 21:35:22,369 - INFO - ѕопытка 1/3: https://ru1.rp5.ru/download/files.synop/27/27612.01.01.2020.01.01.2026.1.0.0.ru.utf8.00000000.csv.gz
2026-04-01 21:35:22,784 - INFO - ѕопытка 1/3: https://ru1.rp5.ru/download/files.synop/28/28573.01.01.2020.01.01.2026.1.0.0.ru.utf8.00000000.csv.gz
2026-04-01 21:35:22,963 - WARNING - 403 Forbidden - пробуем следующий сервер
2026-04-01 21:35:23,335 - WARNING - 403 Forbidden - пробуем следующий сервер
2026-04-01 21:35:24,396 - INFO - ѕопытка 1/3: https://ru2.rp5.ru/download/files.synop/28/28573.01.01.2020.01.01.2026.1.0.0.ru.utf8.00000000.csv.gz
2026-04-01 21:35:24,777 - INFO - ѕопытка 1/3: https://ru2.rp5.ru/download/files.synop/27/27612.01.01.2020.01.01.2026.1.0.0.ru.utf8.00000000.csv.gz
2026-04-01 21:35:25,003 - WARNING - 403 Forbidden - пробуем следующий сервер
2026-04-01 21:35:25,368 - WARNING - 403 Forbidden - пробуем следующий сервер
2026-04-01 21:35:26,941 - INFO - ѕопытка 1/3: https://ru3.rp5.ru/download/files.synop/28/28573.01.01.2020.01.01.2026.1.0.0.ru.utf8.00000000.csv.gz
2026-04-01 21:35:27,314 - INFO - ѕопытка 1/3: https://ru3.rp5.ru/download/files.synop/27/27612.01.01.2020.01.01.2026.1.0.0.ru.utf8.00000000.csv.gz
2026-04-01 21:35:27,500 - WARNING - 403 Forbidden - пробуем следующий сервер
2026-04-01 21:35:27,896 - WARNING - 403 Forbidden - пробуем следующий сервер
2026-04-01 21:35:29,208 - INFO - 
============================================================
2026-04-01 21:35:29,213 - INFO - —качивание станции 26063
2026-04-01 21:35:29,306 - INFO - ѕериод: 01.01.2020 - 01.01.2026
2026-04-01 21:35:29,312 - INFO - ============================================================
2026-04-01 21:35:29,319 - INFO - ѕопытка 1/3: https://ru1.rp5.ru/download/files.synop/26/26063.01.01.2020.01.01.2026.1.0.0.ru.utf8.00000000.csv.gz
2026-04-01 21:35:29,394 - WARNING - 403 Forbidden - пробуем следующий сервер
2026-04-01 21:35:29,562 - INFO - 
============================================================
2026-04-01 21:35:29,569 - INFO - —качивание станции 29634
2026-04-01 21:35:29,575 - INFO - ѕериод: 01.01.2020 - 01.01.2026
2026-04-01 21:35:29,581 - INFO - ============================================================
2026-04-01 21:35:29,587 - INFO - ѕопытка 1/3: https://ru1.rp5.ru/download/files.synop/29/29634.01.01.2020.01.01.2026.1.0.0.ru.utf8.00000000.csv.gz
2026-04-01 21:35:29,651 - WARNING - 403 Forbidden - пробуем следующий сервер
2026-04-01 21:35:31,246 - INFO - ѕопытка 1/3: https://ru2.rp5.ru/download/files.synop/26/26063.01.01.2020.01.01.2026.1.0.0.ru.utf8.00000000.csv.gz
2026-04-01 21:35:31,573 - INFO - ѕопытка 1/3: https://ru2.rp5.ru/download/files.synop/29/29634.01.01.2020.01.01.2026.1.0.0.ru.utf8.00000000.csv.gz
2026-04-01 21:35:31,665 - WARNING - 403 Forbidden - пробуем следующий сервер
2026-04-01 21:35:32,152 - INFO - —охранен .gz файл: data\rp5-csv\26063.csv.gz
2026-04-01 21:35:32,210 - INFO - –аспакован CSV файл: data\rp5-csv\26063.csv (10823800 байт)
2026-04-01 21:35:32,218 - INFO - ”дален .gz файл
2026-04-01 21:35:32,226 - INFO - 
============================================================
2026-04-01 21:35:32,232 - INFO - —качивание станции 28698
2026-04-01 21:35:32,239 - INFO - ѕериод: 01.01.2020 - 01.01.2026
2026-04-01 21:35:32,245 - INFO - ============================================================
2026-04-01 21:35:32,252 - INFO - ѕопытка 1/3: https://ru1.rp5.ru/download/files.synop/28/28698.01.01.2020.01.01.2026.1.0.0.ru.utf8.00000000.csv.gz
2026-04-01 21:35:32,321 - WARNING - 403 Forbidden - пробуем следующий сервер
2026-04-01 21:35:32,992 - INFO - ѕопытка 1/3: https://ru3.rp5.ru/download/files.synop/29/29634.01.01.2020.01.01.2026.1.0.0.ru.utf8.00000000.csv.gz
2026-04-01 21:35:33,063 - WARNING - 403 Forbidden - пробуем следующий сервер
2026-04-01 21:35:33,711 - INFO - ѕопытка 1/3: https://ru2.rp5.ru/download/files.synop/28/28698.01.01.2020.01.01.2026.1.0.0.ru.utf8.00000000.csv.gz
2026-04-01 21:35:33,832 - WARNING - 403 Forbidden - пробуем следующий сервер
2026-04-01 21:35:34,910 - INFO - ѕопытка 1/3: https://ru3.rp5.ru/download/files.synop/28/28698.01.01.2020.01.01.2026.1.0.0.ru.utf8.00000000.csv.gz
2026-04-01 21:35:35,010 - WARNING - 403 Forbidden - пробуем следующий сервер
2026-04-01 21:35:39,217 - INFO - 
============================================================
2026-04-01 21:35:39,223 - INFO - «авершено: 1/5 успешно
2026-04-01 21:35:39,229 - INFO - ============================================================

2026-04-01 21:35:39,235 - INFO - «агрузка CSV в DataFrame: data\rp5-csv\26063.csv
2026-04-01 21:35:39,390 - INFO - «агружено строк: 17536, столбцов: 29
2026-04-01 21:35:39,396 - INFO - —толбцы: ћестное врем€ в —анкт-ѕетербурге, T, Po, P, Pa, U, DD, Ff, ff10, ff3...
2026-04-01 21:35:39,404 - INFO - ѕодготовка данных дл€ Ѕƒ...
2026-04-01 21:35:39,421 - WARNING - Ќе удалось конвертировать datetime: time data "-11" doesn't match format "%d.%m.%Y %H:%M". You might want to try:
    - passing `format` if your strings have a consistent format;
    - passing `format='ISO8601'` if your strings are all ISO8601 but not necessarily in exactly the same format;
    - passing `format='mixed'`, and the format will be inferred for each element individually. You might want to use `dayfirst` alongside this.
2026-04-01 21:35:39,444 - INFO - ѕодготовлено строк: 17536
2026-04-01 21:35:39,453 - INFO - —танци€ 26063: готово к загрузке в Ѕƒ
2026-04-01 21:35:39,470 - INFO - —есси€ закрыта
2026-04-01 21:38:25,283 - INFO - 
============================================================
2026-04-01 21:38:25,299 - INFO - –Э–∞—З–∞–ї–Њ —Б–Ї–∞—З–Є–≤–∞–љ–Є—П 5 —Б—В–∞–љ—Ж–Є–є
2026-04-01 21:38:25,300 - INFO - –Я–∞—А–∞–ї–ї–µ–ї—М–љ–Њ—Б—В—М: 2 –њ–Њ—В–Њ–Ї–∞
2026-04-01 21:38:25,302 - INFO - ============================================================

2026-04-01 21:38:25,305 - INFO - 
============================================================
2026-04-01 21:38:25,305 - INFO - 
============================================================
2026-04-01 21:38:25,308 - INFO - –°–Ї–∞—З–Є–≤–∞–љ–Є–µ —Б—В–∞–љ—Ж–Є–Є 28573
2026-04-01 21:38:25,310 - INFO - –°–Ї–∞—З–Є–≤–∞–љ–Є–µ —Б—В–∞–љ—Ж–Є–Є 27612
2026-04-01 21:38:25,313 - INFO - –Я–µ—А–Є–Њ–і: 01.01.2020 - 01.01.2026
2026-04-01 21:38:25,315 - INFO - –Я–µ—А–Є–Њ–і: 01.01.2020 - 01.01.2026
2026-04-01 21:38:25,317 - INFO - ============================================================
2026-04-01 21:38:25,319 - INFO - ============================================================
2026-04-01 21:38:25,322 - INFO - –Я–Њ–ї—Г—З–µ–љ–Є–µ cookies —Б https://rp5.ru/
2026-04-01 21:38:25,324 - INFO - –Я–Њ–ї—Г—З–µ–љ–Є–µ cookies —Б https://rp5.ru/
2026-04-01 21:38:26,047 - INFO - –Я–Њ–ї—Г—З–µ–љ–Њ cookies: 2 —И—В.
2026-04-01 21:38:26,298 - INFO - –Я–Њ–ї—Г—З–µ–љ–Њ cookies: 2 —И—В.
2026-04-01 21:38:27,146 - INFO - –Я–Њ–њ—Л—В–Ї–∞ 1/3: https://ru1.rp5.ru/download/files.synop/27/27612.01.01.2020.01.01.2026.1.0.0.ru.utf8.00000000.csv.gz
2026-04-01 21:38:27,653 - INFO - –Я–Њ–њ—Л—В–Ї–∞ 1/3: https://ru1.rp5.ru/download/files.synop/28/28573.01.01.2020.01.01.2026.1.0.0.ru.utf8.00000000.csv.gz
2026-04-01 21:38:27,789 - WARNING - 403 Forbidden - –њ—А–Њ–±—Г–µ–Љ —Б–ї–µ–і—Г—О—Й–Є–є —Б–µ—А–≤–µ—А
2026-04-01 21:38:28,289 - WARNING - 403 Forbidden - –њ—А–Њ–±—Г–µ–Љ —Б–ї–µ–і—Г—О—Й–Є–є —Б–µ—А–≤–µ—А
2026-04-01 21:38:28,809 - INFO - –Я–Њ–њ—Л—В–Ї–∞ 1/3: https://ru2.rp5.ru/download/files.synop/27/27612.01.01.2020.01.01.2026.1.0.0.ru.utf8.00000000.csv.gz
2026-04-01 21:38:29,414 - WARNING - 403 Forbidden - –њ—А–Њ–±—Г–µ–Љ —Б–ї–µ–і—Г—О—Й–Є–є —Б–µ—А–≤–µ—А
2026-04-01 21:38:29,937 - INFO - –Я–Њ–њ—Л—В–Ї–∞ 1/3: https://ru2.rp5.ru/download/files.synop/28/28573.01.01.2020.01.01.2026.1.0.0.ru.utf8.00000000.csv.gz
2026-04-01 21:38:30,004 - WARNING - 403 Forbidden - –њ—А–Њ–±—Г–µ–Љ —Б–ї–µ–і—Г—О—Й–Є–є —Б–µ—А–≤–µ—А
2026-04-01 21:38:31,032 - INFO - –Я–Њ–њ—Л—В–Ї–∞ 1/3: https://ru3.rp5.ru/download/files.synop/27/27612.01.01.2020.01.01.2026.1.0.0.ru.utf8.00000000.csv.gz
2026-04-01 21:38:31,593 - WARNING - 403 Forbidden - –њ—А–Њ–±—Г–µ–Љ —Б–ї–µ–і—Г—О—Й–Є–є —Б–µ—А–≤–µ—А
2026-04-01 21:38:31,833 - INFO - –Я–Њ–њ—Л—В–Ї–∞ 1/3: https://ru3.rp5.ru/download/files.synop/28/28573.01.01.2020.01.01.2026.1.0.0.ru.utf8.00000000.csv.gz
2026-04-01 21:38:31,895 - WARNING - 403 Forbidden - –њ—А–Њ–±—Г–µ–Љ —Б–ї–µ–і—Г—О—Й–Є–є —Б–µ—А–≤–µ—А
2026-04-01 21:38:32,877 - ERROR - [FAIL] –Э–µ —Г–і–∞–ї–Њ—Б—М —Б–Ї–∞—З–∞—В—М —Д–∞–є–ї –і–ї—П —Б—В–∞–љ—Ж–Є–Є 27612
2026-04-01 21:38:32,879 - INFO - 
============================================================
2026-04-01 21:38:32,880 - WARNING - [FAIL] –°—В–∞–љ—Ж–Є—П 27612: –Њ—И–Є–±–Ї–∞
2026-04-01 21:38:32,882 - INFO - –°–Ї–∞—З–Є–≤–∞–љ–Є–µ —Б—В–∞–љ—Ж–Є–Є 26063
2026-04-01 21:38:32,892 - INFO - –Я–µ—А–Є–Њ–і: 01.01.2020 - 01.01.2026
2026-04-01 21:38:32,898 - INFO - ============================================================
2026-04-01 21:38:32,905 - INFO - –Я–Њ–њ—Л—В–Ї–∞ 1/3: https://ru1.rp5.ru/download/files.synop/26/26063.01.01.2020.01.01.2026.1.0.0.ru.utf8.00000000.csv.gz
2026-04-01 21:38:32,997 - WARNING - 403 Forbidden - –њ—А–Њ–±—Г–µ–Љ —Б–ї–µ–і—Г—О—Й–Є–є —Б–µ—А–≤–µ—А
2026-04-01 21:38:33,132 - ERROR - [FAIL] –Э–µ —Г–і–∞–ї–Њ—Б—М —Б–Ї–∞—З–∞—В—М —Д–∞–є–ї –і–ї—П —Б—В–∞–љ—Ж–Є–Є 28573
2026-04-01 21:38:33,138 - INFO - 
============================================================
2026-04-01 21:38:33,145 - INFO - –°–Ї–∞—З–Є–≤–∞–љ–Є–µ —Б—В–∞–љ—Ж–Є–Є 29634
2026-04-01 21:38:33,151 - INFO - –Я–µ—А–Є–Њ–і: 01.01.2020 - 01.01.2026
2026-04-01 21:38:33,159 - INFO - ============================================================
2026-04-01 21:38:33,165 - INFO - –Я–Њ–њ—Л—В–Ї–∞ 1/3: https://ru1.rp5.ru/download/files.synop/29/29634.01.01.2020.01.01.2026.1.0.0.ru.utf8.00000000.csv.gz
2026-04-01 21:38:33,246 - WARNING - 403 Forbidden - –њ—А–Њ–±—Г–µ–Љ —Б–ї–µ–і—Г—О—Й–Є–є —Б–µ—А–≤–µ—А
2026-04-01 21:38:34,251 - INFO - –Я–Њ–њ—Л—В–Ї–∞ 1/3: https://ru2.rp5.ru/download/files.synop/26/26063.01.01.2020.01.01.2026.1.0.0.ru.utf8.00000000.csv.gz
2026-04-01 21:38:34,975 - WARNING - [FAIL] –°—В–∞–љ—Ж–Є—П 28573: –Њ—И–Є–±–Ї–∞
2026-04-01 21:38:35,006 - INFO - –Я–Њ–њ—Л—В–Ї–∞ 1/3: https://ru2.rp5.ru/download/files.synop/29/29634.01.01.2020.01.01.2026.1.0.0.ru.utf8.00000000.csv.gz
2026-04-01 21:38:35,024 - INFO - [OK] –£—Б–њ–µ—И–љ–Њ —Б–Ї–∞—З–∞–љ–Њ: 677033 –±–∞–є—В
2026-04-01 21:38:35,032 - INFO - –°–Њ—Е—А–∞–љ–µ–љ .gz —Д–∞–є–ї: data\rp5-csv\26063.csv.gz
2026-04-01 21:38:35,071 - INFO - –†–∞—Б–њ–∞–Ї–Њ–≤–∞–љ CSV —Д–∞–є–ї: data\rp5-csv\26063.csv (10823800 –±–∞–є—В)
2026-04-01 21:38:35,078 - INFO - –£–і–∞–ї–µ–љ .gz —Д–∞–є–ї
2026-04-01 21:38:35,087 - INFO - 
============================================================
2026-04-01 21:38:35,098 - INFO - –°–Ї–∞—З–Є–≤–∞–љ–Є–µ —Б—В–∞–љ—Ж–Є–Є 28698
2026-04-01 21:38:35,105 - INFO - –Я–µ—А–Є–Њ–і: 01.01.2020 - 01.01.2026
2026-04-01 21:38:35,114 - INFO - ============================================================
2026-04-01 21:38:35,120 - INFO - –Я–Њ–њ—Л—В–Ї–∞ 1/3: https://ru1.rp5.ru/download/files.synop/28/28698.01.01.2020.01.01.2026.1.0.0.ru.utf8.00000000.csv.gz
2026-04-01 21:38:35,201 - WARNING - 403 Forbidden - –њ—А–Њ–±—Г–µ–Љ —Б–ї–µ–і—Г—О—Й–Є–є —Б–µ—А–≤–µ—А
2026-04-01 21:38:35,582 - WARNING - 403 Forbidden - –њ—А–Њ–±—Г–µ–Љ —Б–ї–µ–і—Г—О—Й–Є–є —Б–µ—А–≤–µ—А
2026-04-01 21:38:36,978 - INFO - –Я–Њ–њ—Л—В–Ї–∞ 1/3: https://ru3.rp5.ru/download/files.synop/29/29634.01.01.2020.01.01.2026.1.0.0.ru.utf8.00000000.csv.gz
2026-04-01 21:38:37,057 - WARNING - 403 Forbidden - –њ—А–Њ–±—Г–µ–Љ —Б–ї–µ–і—Г—О—Й–Є–є —Б–µ—А–≤–µ—А
2026-04-01 21:38:37,095 - INFO - –Я–Њ–њ—Л—В–Ї–∞ 1/3: https://ru2.rp5.ru/download/files.synop/28/28698.01.01.2020.01.01.2026.1.0.0.ru.utf8.00000000.csv.gz
2026-04-01 21:38:37,171 - WARNING - 403 Forbidden - –њ—А–Њ–±—Г–µ–Љ —Б–ї–µ–і—Г—О—Й–Є–є —Б–µ—А–≤–µ—А
2026-04-01 21:38:37,441 - INFO - [OK] –°—В–∞–љ—Ж–Є—П 26063: —Г—Б–њ–µ—И–љ–Њ
2026-04-01 21:38:38,735 - INFO - –Я–Њ–њ—Л—В–Ї–∞ 1/3: https://ru3.rp5.ru/download/files.synop/28/28698.01.01.2020.01.01.2026.1.0.0.ru.utf8.00000000.csv.gz
2026-04-01 21:38:38,807 - ERROR - [FAIL] –Э–µ —Г–і–∞–ї–Њ—Б—М —Б–Ї–∞—З–∞—В—М —Д–∞–є–ї –і–ї—П —Б—В–∞–љ—Ж–Є–Є 29634
2026-04-01 21:38:38,827 - WARNING - 403 Forbidden - –њ—А–Њ–±—Г–µ–Љ —Б–ї–µ–і—Г—О—Й–Є–є —Б–µ—А–≤–µ—А
2026-04-01 21:38:39,807 - WARNING - [FAIL] –°—В–∞–љ—Ж–Є—П 29634: –Њ—И–Є–±–Ї–∞
2026-04-01 21:38:40,063 - ERROR - [FAIL] –Э–µ —Г–і–∞–ї–Њ—Б—М —Б–Ї–∞—З–∞—В—М —Д–∞–є–ї –і–ї—П —Б—В–∞–љ—Ж–Є–Є 28698
2026-04-01 21:38:41,418 - WARNING - [FAIL] –°—В–∞–љ—Ж–Є—П 28698: –Њ—И–Є–±–Ї–∞
2026-04-01 21:38:43,147 - INFO - 
============================================================
2026-04-01 21:38:43,157 - INFO - –Ч–∞–≤–µ—А—И–µ–љ–Њ: 1/5 —Г—Б–њ–µ—И–љ–Њ
2026-04-01 21:38:43,166 - INFO - ============================================================

2026-04-01 21:38:43,172 - INFO - –Ч–∞–≥—А—Г–Ј–Ї–∞ CSV –≤ DataFrame: data\rp5-csv\26063.csv
2026-04-01 21:38:43,358 - INFO - –Ч–∞–≥—А—Г–ґ–µ–љ–Њ —Б—В—А–Њ–Ї: 17536, —Б—В–Њ–ї–±—Ж–Њ–≤: 29
2026-04-01 21:38:43,389 - INFO - –°—В–Њ–ї–±—Ж—Л: –Ь–µ—Б—В–љ–Њ–µ –≤—А–µ–Љ—П –≤ –°–∞–љ–Ї—В-–Я–µ—В–µ—А–±—Г—А–≥–µ, T, Po, P, Pa, U, DD, Ff, ff10, ff3...
2026-04-01 21:38:43,398 - INFO - –Я–Њ–і–≥–Њ—В–Њ–≤–Ї–∞ –і–∞–љ–љ—Л—Е –і–ї—П –С–Ф...
2026-04-01 21:38:43,418 - WARNING - –Э–µ —Г–і–∞–ї–Њ—Б—М –Ї–Њ–љ–≤–µ—А—В–Є—А–Њ–≤–∞—В—М datetime: time data "-11" doesn't match format "%d.%m.%Y %H:%M". You might want to try:
    - passing `format` if your strings have a consistent format;
    - passing `format='ISO8601'` if your strings are all ISO8601 but not necessarily in exactly the same format;
    - passing `format='mixed'`, and the format will be inferred for each element individually. You might want to use `dayfirst` alongside this.
2026-04-01 21:38:43,441 - INFO - –Я–Њ–і–≥–Њ—В–Њ–≤–ї–µ–љ–Њ —Б—В—А–Њ–Ї: 17536
2026-04-01 21:38:43,451 - INFO - –°—В–∞–љ—Ж–Є—П 26063: –≥–Њ—В–Њ–≤–Њ –Ї –Ј–∞–≥—А—Г–Ј–Ї–µ –≤ –С–Ф
2026-04-01 21:38:43,468 - INFO - –°–µ—Б—Б–Є—П –Ј–∞–Ї—А—Л—В–∞
2026-04-01 21:38:53,191 - INFO - 
============================================================
2026-04-01 21:38:53,194 - INFO - –°–Ї–∞—З–Є–≤–∞–љ–Є–µ —Б—В–∞–љ—Ж–Є–Є 26063
2026-04-01 21:38:53,197 - INFO - –Я–µ—А–Є–Њ–і: 01.01.2024 - 31.12.2024
2026-04-01 21:38:53,200 - INFO - ============================================================
2026-04-01 21:38:53,202 - INFO - –Я–Њ–ї—Г—З–µ–љ–Є–µ cookies —Б https://rp5.ru/
2026-04-01 21:38:53,207 - DEBUG - Starting new HTTPS connection (1): rp5.ru:443
2026-04-01 21:38:53,842 - DEBUG - https://rp5.ru:443 "GET / HTTP/1.1" 200 None
2026-04-01 21:38:53,892 - INFO - –Я–Њ–ї—Г—З–µ–љ–Њ cookies: 2 —И—В.
2026-04-01 21:38:53,895 - DEBUG - Cookies: {'PHPSESSID': '6be9a9a21e5ba03a2821544fd9bd0d09', 'lang': 'ru'}
2026-04-01 21:38:55,854 - INFO - –Я–Њ–њ—Л—В–Ї–∞ 1/3: https://ru1.rp5.ru/download/files.synop/26/26063.01.01.2024.31.12.2024.1.0.0.ru.utf8.00000000.csv.gz
2026-04-01 21:38:55,907 - DEBUG - Starting new HTTPS connection (1): ru1.rp5.ru:443
2026-04-01 21:38:56,452 - DEBUG - https://ru1.rp5.ru:443 "GET /download/files.synop/26/26063.01.01.2024.31.12.2024.1.0.0.ru.utf8.00000000.csv.gz HTTP/1.1" 200 115554
2026-04-01 21:38:56,655 - INFO - [OK] –£—Б–њ–µ—И–љ–Њ —Б–Ї–∞—З–∞–љ–Њ: 115554 –±–∞–є—В
2026-04-01 21:38:56,681 - INFO - –°–Њ—Е—А–∞–љ–µ–љ .gz —Д–∞–є–ї: data\rp5-csv\26063.csv.gz
2026-04-01 21:38:56,690 - INFO - –†–∞—Б–њ–∞–Ї–Њ–≤–∞–љ CSV —Д–∞–є–ї: data\rp5-csv\26063.csv (1818007 –±–∞–є—В)
2026-04-01 21:38:56,695 - INFO - –£–і–∞–ї–µ–љ .gz —Д–∞–є–ї
2026-04-01 21:38:56,703 - INFO - –Ч–∞–≥—А—Г–Ј–Ї–∞ CSV –≤ DataFrame: data\rp5-csv\26063.csv
2026-04-01 21:38:56,738 - INFO - –Ч–∞–≥—А—Г–ґ–µ–љ–Њ —Б—В—А–Њ–Ї: 2927, —Б—В–Њ–ї–±—Ж–Њ–≤: 29
2026-04-01 21:38:56,747 - INFO - –°—В–Њ–ї–±—Ж—Л: –Ь–µ—Б—В–љ–Њ–µ –≤—А–µ–Љ—П –≤ –°–∞–љ–Ї—В-–Я–µ—В–µ—А–±—Г—А–≥–µ, T, Po, P, Pa, U, DD, Ff, ff10, ff3...
2026-04-01 21:38:56,779 - INFO - –°–µ—Б—Б–Є—П –Ј–∞–Ї—А—Л—В–∞
2026-04-01 21:42:27,963 - INFO - 
============================================================
2026-04-01 21:42:27,969 - INFO - –Э–∞—З–∞–ї–Њ —Б–Ї–∞—З–Є–≤–∞–љ–Є—П 5 —Б—В–∞–љ—Ж–Є–є
2026-04-01 21:42:27,971 - INFO - –Я–∞—А–∞–ї–ї–µ–ї—М–љ–Њ—Б—В—М: 2 –њ–Њ—В–Њ–Ї–∞
2026-04-01 21:42:27,973 - INFO - ============================================================

2026-04-01 21:42:27,975 - INFO - 
============================================================
2026-04-01 21:42:27,976 - INFO - 
============================================================
2026-04-01 21:42:27,978 - INFO - –°–Ї–∞—З–Є–≤–∞–љ–Є–µ —Б—В–∞–љ—Ж–Є–Є 28573
2026-04-01 21:42:27,981 - INFO - –°–Ї–∞—З–Є–≤–∞–љ–Є–µ —Б—В–∞–љ—Ж–Є–Є 27612
2026-04-01 21:42:27,983 - INFO - –Я–µ—А–Є–Њ–і: 01.01.2020 - 01.01.2026
2026-04-01 21:42:27,986 - INFO - –Я–µ—А–Є–Њ–і: 01.01.2020 - 01.01.2026
2026-04-01 21:42:27,988 - INFO - ============================================================
2026-04-01 21:42:27,990 - INFO - ============================================================
2026-04-01 21:42:27,992 - INFO - –Я–Њ–ї—Г—З–µ–љ–Є–µ cookies —Б https://rp5.ru/
2026-04-01 21:42:27,995 - INFO - –Я–Њ–ї—Г—З–µ–љ–Є–µ cookies —Б https://rp5.ru/
2026-04-01 21:42:32,474 - WARNING - –Э–µ —Г–і–∞–ї–Њ—Б—М –њ–Њ–ї—Г—З–Є—В—М cookies: HTTPSConnectionPool(host='rp5.ru', port=443): Max retries exceeded with url: / (Caused by SSLError(SSLEOFError(8, '[SSL: UNEXPECTED_EOF_WHILE_READING] EOF occurred in violation of protocol (_ssl.c:1081)')))
2026-04-01 21:42:32,513 - WARNING - –Э–µ —Г–і–∞–ї–Њ—Б—М –њ–Њ–ї—Г—З–Є—В—М cookies: HTTPSConnectionPool(host='rp5.ru', port=443): Max retries exceeded with url: / (Caused by SSLError(SSLEOFError(8, '[SSL: UNEXPECTED_EOF_WHILE_READING] EOF occurred in violation of protocol (_ssl.c:1081)')))
2026-04-01 21:42:32,517 - INFO - –Я—А–Њ–і–Њ–ї–ґ–∞–µ–Љ –±–µ–Ј –њ—А–µ–і–≤–∞—А–Є—В–µ–ї—М–љ—Л—Е cookies
2026-04-01 21:42:32,521 - INFO - –Я—А–Њ–і–Њ–ї–ґ–∞–µ–Љ –±–µ–Ј –њ—А–µ–і–≤–∞—А–Є—В–µ–ї—М–љ—Л—Е cookies
2026-04-01 21:42:32,523 - INFO - –Я–Њ–њ—Л—В–Ї–∞ 1/3: https://ru1.rp5.ru/download/files.synop/28/28573.01.01.2020.01.01.2026.1.0.0.ru.utf8.00000000.csv.gz
2026-04-01 21:42:32,526 - INFO - –Я–Њ–њ—Л—В–Ї–∞ 1/3: https://ru1.rp5.ru/download/files.synop/27/27612.01.01.2020.01.01.2026.1.0.0.ru.utf8.00000000.csv.gz
2026-04-01 21:42:33,322 - WARNING - 403 Forbidden - –њ—А–Њ–±—Г–µ–Љ —Б–ї–µ–і—Г—О—Й–Є–є —Б–µ—А–≤–µ—А
2026-04-01 21:42:33,322 - WARNING - 403 Forbidden - –њ—А–Њ–±—Г–µ–Љ —Б–ї–µ–і—Г—О—Й–Є–є —Б–µ—А–≤–µ—А
2026-04-01 21:42:34,451 - INFO - –Я–Њ–њ—Л—В–Ї–∞ 1/3: https://ru2.rp5.ru/download/files.synop/28/28573.01.01.2020.01.01.2026.1.0.0.ru.utf8.00000000.csv.gz
2026-04-01 21:42:34,476 - INFO - –Я–Њ–њ—Л—В–Ї–∞ 1/3: https://ru2.rp5.ru/download/files.synop/27/27612.01.01.2020.01.01.2026.1.0.0.ru.utf8.00000000.csv.gz
2026-04-01 21:42:38,932 - WARNING - –Ю—И–Є–±–Ї–∞ –Ј–∞–њ—А–Њ—Б–∞: HTTPSConnectionPool(host='ru2.rp5.ru', port=443): Max retries exceeded with url: /download/files.synop/28/28573.01.01.2020.01.01.2026.1.0.0.ru.utf8.00000000.csv.gz (Caused by SSLError(SSLEOFError(8, '[SSL: UNEXPECTED_EOF_WHILE_READING] EOF occurred in violation of protocol (_ssl.c:1081)')))
2026-04-01 21:42:38,943 - INFO - –Ю–ґ–Є–і–∞–љ–Є–µ 5.9 —Б–µ–Ї –њ–µ—А–µ–і —Б–ї–µ–і—Г—О—Й–µ–є –њ–Њ–њ—Л—В–Ї–Њ–є...
2026-04-01 21:42:38,968 - WARNING - –Ю—И–Є–±–Ї–∞ –Ј–∞–њ—А–Њ—Б–∞: HTTPSConnectionPool(host='ru2.rp5.ru', port=443): Max retries exceeded with url: /download/files.synop/27/27612.01.01.2020.01.01.2026.1.0.0.ru.utf8.00000000.csv.gz (Caused by SSLError(SSLEOFError(8, '[SSL: UNEXPECTED_EOF_WHILE_READING] EOF occurred in violation of protocol (_ssl.c:1081)')))
2026-04-01 21:42:38,979 - INFO - –Ю–ґ–Є–і–∞–љ–Є–µ 6.0 —Б–µ–Ї –њ–µ—А–µ–і —Б–ї–µ–і—Г—О—Й–µ–є –њ–Њ–њ—Л—В–Ї–Њ–є...
2026-04-01 21:42:52,174 - INFO - 
============================================================
2026-04-01 21:42:52,179 - INFO - –Э–∞—З–∞–ї–Њ —Б–Ї–∞—З–Є–≤–∞–љ–Є—П 5 —Б—В–∞–љ—Ж–Є–є
2026-04-01 21:42:52,182 - INFO - –Я–∞—А–∞–ї–ї–µ–ї—М–љ–Њ—Б—В—М: 2 –њ–Њ—В–Њ–Ї–∞
2026-04-01 21:42:52,185 - INFO - ============================================================

2026-04-01 21:42:52,189 - INFO - 
============================================================
2026-04-01 21:42:52,189 - INFO - 
============================================================
2026-04-01 21:42:52,191 - INFO - –°–Ї–∞—З–Є–≤–∞–љ–Є–µ —Б—В–∞–љ—Ж–Є–Є 28573
2026-04-01 21:42:52,194 - INFO - –°–Ї–∞—З–Є–≤–∞–љ–Є–µ —Б—В–∞–љ—Ж–Є–Є 27612
2026-04-01 21:42:52,196 - INFO - –Я–µ—А–Є–Њ–і: 01.01.2020 - 01.01.2026
2026-04-01 21:42:52,198 - INFO - –Я–µ—А–Є–Њ–і: 01.01.2020 - 01.01.2026
2026-04-01 21:42:52,200 - INFO - ============================================================
2026-04-01 21:42:52,203 - INFO - ============================================================
2026-04-01 21:42:52,206 - INFO - –Я–Њ–ї—Г—З–µ–љ–Є–µ cookies —Б https://rp5.ru/
2026-04-01 21:42:52,208 - INFO - –Я–Њ–ї—Г—З–µ–љ–Є–µ cookies —Б https://rp5.ru/
2026-04-01 21:42:52,894 - INFO - –Я–Њ–ї—Г—З–µ–љ–Њ cookies: 2 —И—В.
2026-04-01 21:42:53,144 - INFO - –Я–Њ–ї—Г—З–µ–љ–Њ cookies: 2 —И—В.
2026-04-01 21:42:54,306 - INFO - –Я–Њ–њ—Л—В–Ї–∞ 1/3: https://ru1.rp5.ru/download/files.synop/27/27612.01.01.2020.01.01.2026.1.0.0.ru.utf8.00000000.csv.gz
2026-04-01 21:42:54,763 - INFO - –Я–Њ–њ—Л—В–Ї–∞ 1/3: https://ru1.rp5.ru/download/files.synop/28/28573.01.01.2020.01.01.2026.1.0.0.ru.utf8.00000000.csv.gz
2026-04-01 21:42:54,911 - WARNING - 403 Forbidden - –њ—А–Њ–±—Г–µ–Љ —Б–ї–µ–і—Г—О—Й–Є–є —Б–µ—А–≤–µ—А
2026-04-01 21:42:55,321 - WARNING - 403 Forbidden - –њ—А–Њ–±—Г–µ–Љ —Б–ї–µ–і—Г—О—Й–Є–є —Б–µ—А–≤–µ—А
2026-04-01 21:42:56,877 - INFO - –Я–Њ–њ—Л—В–Ї–∞ 1/3: https://ru2.rp5.ru/download/files.synop/28/28573.01.01.2020.01.01.2026.1.0.0.ru.utf8.00000000.csv.gz
2026-04-01 21:42:56,890 - INFO - –Я–Њ–њ—Л—В–Ї–∞ 1/3: https://ru2.rp5.ru/download/files.synop/27/27612.01.01.2020.01.01.2026.1.0.0.ru.utf8.00000000.csv.gz
2026-04-01 21:42:57,529 - WARNING - 403 Forbidden - –њ—А–Њ–±—Г–µ–Љ —Б–ї–µ–і—Г—О—Й–Є–є —Б–µ—А–≤–µ—А
2026-04-01 21:42:57,594 - WARNING - 403 Forbidden - –њ—А–Њ–±—Г–µ–Љ —Б–ї–µ–і—Г—О—Й–Є–є —Б–µ—А–≤–µ—А
2026-04-01 21:42:58,804 - INFO - –Я–Њ–њ—Л—В–Ї–∞ 1/3: https://ru3.rp5.ru/download/files.synop/28/28573.01.01.2020.01.01.2026.1.0.0.ru.utf8.00000000.csv.gz
2026-04-01 21:42:58,915 - INFO - –Я–Њ–њ—Л—В–Ї–∞ 1/3: https://ru3.rp5.ru/download/files.synop/27/27612.01.01.2020.01.01.2026.1.0.0.ru.utf8.00000000.csv.gz
2026-04-01 21:42:59,467 - WARNING - 403 Forbidden - –њ—А–Њ–±—Г–µ–Љ —Б–ї–µ–і—Г—О—Й–Є–є —Б–µ—А–≤–µ—А
2026-04-01 21:42:59,571 - WARNING - 403 Forbidden - –њ—А–Њ–±—Г–µ–Љ —Б–ї–µ–і—Г—О—Й–Є–є —Б–µ—А–≤–µ—А
2026-04-01 21:43:00,705 - ERROR - [FAIL] –Э–µ —Г–і–∞–ї–Њ—Б—М —Б–Ї–∞—З–∞—В—М —Д–∞–є–ї –і–ї—П —Б—В–∞–љ—Ж–Є–Є 28573
2026-04-01 21:43:00,716 - INFO - 
============================================================
2026-04-01 21:43:00,716 - WARNING - [FAIL] –°—В–∞–љ—Ж–Є—П 28573: –Њ—И–Є–±–Ї–∞
2026-04-01 21:43:00,726 - INFO - –°–Ї–∞—З–Є–≤–∞–љ–Є–µ —Б—В–∞–љ—Ж–Є–Є 26063
2026-04-01 21:43:00,745 - INFO - –Я–µ—А–Є–Њ–і: 01.01.2020 - 01.01.2026
2026-04-01 21:43:00,755 - INFO - ============================================================
2026-04-01 21:43:00,763 - INFO - –Я–Њ–њ—Л—В–Ї–∞ 1/3: https://ru1.rp5.ru/download/files.synop/26/26063.01.01.2020.01.01.2026.1.0.0.ru.utf8.00000000.csv.gz
2026-04-01 21:43:00,836 - WARNING - 403 Forbidden - –њ—А–Њ–±—Г–µ–Љ —Б–ї–µ–і—Г—О—Й–Є–є —Б–µ—А–≤–µ—А
2026-04-01 21:43:00,958 - ERROR - [FAIL] –Э–µ —Г–і–∞–ї–Њ—Б—М —Б–Ї–∞—З–∞—В—М —Д–∞–є–ї –і–ї—П —Б—В–∞–љ—Ж–Є–Є 27612
2026-04-01 21:43:00,988 - INFO - 
============================================================
2026-04-01 21:43:00,997 - INFO - –°–Ї–∞—З–Є–≤–∞–љ–Є–µ —Б—В–∞–љ—Ж–Є–Є 29634
2026-04-01 21:43:01,008 - INFO - –Я–µ—А–Є–Њ–і: 01.01.2020 - 01.01.2026
2026-04-01 21:43:01,018 - INFO - ============================================================
2026-04-01 21:43:01,027 - INFO - –Я–Њ–њ—Л—В–Ї–∞ 1/3: https://ru1.rp5.ru/download/files.synop/29/29634.01.01.2020.01.01.2026.1.0.0.ru.utf8.00000000.csv.gz
2026-04-01 21:43:01,099 - WARNING - 403 Forbidden - –њ—А–Њ–±—Г–µ–Љ —Б–ї–µ–і—Г—О—Й–Є–є —Б–µ—А–≤–µ—А
2026-04-01 21:43:02,228 - WARNING - [FAIL] –°—В–∞–љ—Ж–Є—П 27612: –Њ—И–Є–±–Ї–∞
2026-04-01 21:43:02,662 - INFO - –Я–Њ–њ—Л—В–Ї–∞ 1/3: https://ru2.rp5.ru/download/files.synop/26/26063.01.01.2020.01.01.2026.1.0.0.ru.utf8.00000000.csv.gz
2026-04-01 21:43:02,923 - INFO - –Я–Њ–њ—Л—В–Ї–∞ 1/3: https://ru2.rp5.ru/download/files.synop/29/29634.01.01.2020.01.01.2026.1.0.0.ru.utf8.00000000.csv.gz
2026-04-01 21:43:03,003 - WARNING - 403 Forbidden - –њ—А–Њ–±—Г–µ–Љ —Б–ї–µ–і—Г—О—Й–Є–є —Б–µ—А–≤–µ—А
2026-04-01 21:43:03,358 - INFO - [OK] –£—Б–њ–µ—И–љ–Њ —Б–Ї–∞—З–∞–љ–Њ: 677033 –±–∞–є—В
2026-04-01 21:43:03,369 - INFO - –°–Њ—Е—А–∞–љ–µ–љ .gz —Д–∞–є–ї: data\rp5-csv\26063.csv.gz
2026-04-01 21:43:03,409 - INFO - –†–∞—Б–њ–∞–Ї–Њ–≤–∞–љ CSV —Д–∞–є–ї: data\rp5-csv\26063.csv (10823800 –±–∞–є—В)
2026-04-01 21:43:03,420 - INFO - –£–і–∞–ї–µ–љ .gz —Д–∞–є–ї
2026-04-01 21:43:03,433 - INFO - 
============================================================
2026-04-01 21:43:03,443 - INFO - –°–Ї–∞—З–Є–≤–∞–љ–Є–µ —Б—В–∞–љ—Ж–Є–Є 28698
2026-04-01 21:43:03,453 - INFO - –Я–µ—А–Є–Њ–і: 01.01.2020 - 01.01.2026
2026-04-01 21:43:03,463 - INFO - ============================================================
2026-04-01 21:43:03,472 - INFO - –Я–Њ–њ—Л—В–Ї–∞ 1/3: https://ru1.rp5.ru/download/files.synop/28/28698.01.01.2020.01.01.2026.1.0.0.ru.utf8.00000000.csv.gz
2026-04-01 21:43:03,547 - WARNING - 403 Forbidden - –њ—А–Њ–±—Г–µ–Љ —Б–ї–µ–і—Г—О—Й–Є–є —Б–µ—А–≤–µ—А
2026-04-01 21:43:03,594 - INFO - [OK] –°—В–∞–љ—Ж–Є—П 26063: —Г—Б–њ–µ—И–љ–Њ
2026-04-01 21:43:04,629 - INFO - –Я–Њ–њ—Л—В–Ї–∞ 1/3: https://ru2.rp5.ru/download/files.synop/28/28698.01.01.2020.01.01.2026.1.0.0.ru.utf8.00000000.csv.gz
2026-04-01 21:43:04,706 - WARNING - 403 Forbidden - –њ—А–Њ–±—Г–µ–Љ —Б–ї–µ–і—Г—О—Й–Є–є —Б–µ—А–≤–µ—А
2026-04-01 21:43:04,768 - INFO - –Я–Њ–њ—Л—В–Ї–∞ 1/3: https://ru3.rp5.ru/download/files.synop/29/29634.01.01.2020.01.01.2026.1.0.0.ru.utf8.00000000.csv.gz
2026-04-01 21:43:04,894 - WARNING - 403 Forbidden - –њ—А–Њ–±—Г–µ–Љ —Б–ї–µ–і—Г—О—Й–Є–є —Б–µ—А–≤–µ—А
2026-04-01 21:43:06,266 - ERROR - [FAIL] –Э–µ —Г–і–∞–ї–Њ—Б—М —Б–Ї–∞—З–∞—В—М —Д–∞–є–ї –і–ї—П —Б—В–∞–љ—Ж–Є–Є 29634
2026-04-01 21:43:06,315 - WARNING - [FAIL] –°—В–∞–љ—Ж–Є—П 29634: –Њ—И–Є–±–Ї–∞
2026-04-01 21:43:06,538 - INFO - –Я–Њ–њ—Л—В–Ї–∞ 1/3: https://ru3.rp5.ru/download/files.synop/28/28698.01.01.2020.01.01.2026.1.0.0.ru.utf8.00000000.csv.gz
2026-04-01 21:43:06,623 - WARNING - 403 Forbidden - –њ—А–Њ–±—Г–µ–Љ —Б–ї–µ–і—Г—О—Й–Є–є —Б–µ—А–≤–µ—А
2026-04-01 21:43:08,473 - ERROR - [FAIL] –Э–µ —Г–і–∞–ї–Њ—Б—М —Б–Ї–∞—З–∞—В—М —Д–∞–є–ї –і–ї—П —Б—В–∞–љ—Ж–Є–Є 28698
2026-04-01 21:43:09,189 - WARNING - [FAIL] –°—В–∞–љ—Ж–Є—П 28698: –Њ—И–Є–±–Ї–∞
2026-04-01 21:43:10,695 - INFO - 
============================================================
2026-04-01 21:43:10,712 - INFO - –Ч–∞–≤–µ—А—И–µ–љ–Њ: 1/5 —Г—Б–њ–µ—И–љ–Њ
2026-04-01 21:43:10,724 - INFO - ============================================================

2026-04-01 21:43:10,734 - INFO - –Ч–∞–≥—А—Г–Ј–Ї–∞ CSV –≤ DataFrame: data\rp5-csv\26063.csv
2026-04-01 21:43:10,893 - INFO - –Ч–∞–≥—А—Г–ґ–µ–љ–Њ —Б—В—А–Њ–Ї: 17536, —Б—В–Њ–ї–±—Ж–Њ–≤: 29
2026-04-01 21:43:10,902 - INFO - –°—В–Њ–ї–±—Ж—Л: –Ь–µ—Б—В–љ–Њ–µ –≤—А–µ–Љ—П –≤ –°–∞–љ–Ї—В-–Я–µ—В–µ—А–±—Г—А–≥–µ, T, Po, P, Pa, U, DD, Ff, ff10, ff3...
2026-04-01 21:43:10,912 - INFO - –Я–Њ–і–≥–Њ—В–Њ–≤–Ї–∞ –і–∞–љ–љ—Л—Е –і–ї—П –С–Ф...
2026-04-01 21:43:10,937 - WARNING - –Э–∞–є–і–µ–љ–Њ 17536 —Б—В—А–Њ–Ї —Б –љ–µ–≤–∞–ї–Є–і–љ—Л–Љ–Є –і–∞—В–∞–Љ–Є, —Г–і–∞–ї—П–µ–Љ...
2026-04-01 21:43:10,955 - INFO - –Я–Њ–і–≥–Њ—В–Њ–≤–ї–µ–љ–Њ —Б—В—А–Њ–Ї: 0
2026-04-01 21:43:10,965 - INFO - –°—В–∞–љ—Ж–Є—П 26063: –≥–Њ—В–Њ–≤–Њ –Ї –Ј–∞–≥—А—Г–Ј–Ї–µ –≤ –С–Ф
2026-04-01 21:43:10,984 - INFO - –°–µ—Б—Б–Є—П –Ј–∞–Ї—А—Л—В–∞
2026-04-01 21:43:32,113 - INFO - 
============================================================
2026-04-01 21:43:32,117 - INFO - –°–Ї–∞—З–Є–≤–∞–љ–Є–µ —Б—В–∞–љ—Ж–Є–Є 28573
2026-04-01 21:43:32,119 - INFO - –Я–µ—А–Є–Њ–і: 01.01.2024 - 31.01.2024
2026-04-01 21:43:32,121 - INFO - ============================================================
2026-04-01 21:43:32,124 - INFO - –Я–Њ–ї—Г—З–µ–љ–Є–µ cookies —Б https://rp5.ru/
2026-04-01 21:43:32,775 - INFO - –Я–Њ–ї—Г—З–µ–љ–Њ cookies: 2 —И—В.
2026-04-01 21:43:34,061 - INFO - –Я–Њ–њ—Л—В–Ї–∞ 1/3: https://ru1.rp5.ru/download/files.synop/28/28573.01.01.2024.31.01.2024.1.0.0.ru.utf8.00000000.csv.gz
2026-04-01 21:43:34,692 - WARNING - 403 Forbidden - –њ—А–Њ–±—Г–µ–Љ —Б–ї–µ–і—Г—О—Й–Є–є —Б–µ—А–≤–µ—А
2026-04-01 21:43:36,681 - INFO - –Я–Њ–њ—Л—В–Ї–∞ 1/3: https://ru2.rp5.ru/download/files.synop/28/28573.01.01.2024.31.01.2024.1.0.0.ru.utf8.00000000.csv.gz
2026-04-01 21:43:37,276 - WARNING - 403 Forbidden - –њ—А–Њ–±—Г–µ–Љ —Б–ї–µ–і—Г—О—Й–Є–є —Б–µ—А–≤–µ—А
2026-04-01 21:43:38,419 - INFO - –Я–Њ–њ—Л—В–Ї–∞ 1/3: https://ru3.rp5.ru/download/files.synop/28/28573.01.01.2024.31.01.2024.1.0.0.ru.utf8.00000000.csv.gz
2026-04-01 21:43:39,006 - WARNING - 403 Forbidden - –њ—А–Њ–±—Г–µ–Љ —Б–ї–µ–і—Г—О—Й–Є–є —Б–µ—А–≤–µ—А
2026-04-01 21:43:40,797 - ERROR - [FAIL] –Э–µ —Г–і–∞–ї–Њ—Б—М —Б–Ї–∞—З–∞—В—М —Д–∞–є–ї –і–ї—П —Б—В–∞–љ—Ж–Є–Є 28573
2026-04-01 21:43:42,857 - INFO - 
============================================================
2026-04-01 21:43:42,860 - INFO - –°–Ї–∞—З–Є–≤–∞–љ–Є–µ —Б—В–∞–љ—Ж–Є–Є 27612
2026-04-01 21:43:42,863 - INFO - –Я–µ—А–Є–Њ–і: 01.01.2024 - 31.01.2024
2026-04-01 21:43:42,871 - INFO - ============================================================
2026-04-01 21:43:42,879 - INFO - –Я–Њ–њ—Л—В–Ї–∞ 1/3: https://ru1.rp5.ru/download/files.synop/27/27612.01.01.2024.31.01.2024.1.0.0.ru.utf8.00000000.csv.gz
2026-04-01 21:43:42,958 - WARNING - 403 Forbidden - –њ—А–Њ–±—Г–µ–Љ —Б–ї–µ–і—Г—О—Й–Є–є —Б–µ—А–≤–µ—А
2026-04-01 21:43:44,083 - INFO - –Я–Њ–њ—Л—В–Ї–∞ 1/3: https://ru2.rp5.ru/download/files.synop/27/27612.01.01.2024.31.01.2024.1.0.0.ru.utf8.00000000.csv.gz
2026-04-01 21:43:44,175 - WARNING - 403 Forbidden - –њ—А–Њ–±—Г–µ–Љ —Б–ї–µ–і—Г—О—Й–Є–є —Б–µ—А–≤–µ—А
2026-04-01 21:43:46,036 - INFO - –Я–Њ–њ—Л—В–Ї–∞ 1/3: https://ru3.rp5.ru/download/files.synop/27/27612.01.01.2024.31.01.2024.1.0.0.ru.utf8.00000000.csv.gz
2026-04-01 21:43:46,115 - WARNING - 403 Forbidden - –њ—А–Њ–±—Г–µ–Љ —Б–ї–µ–і—Г—О—Й–Є–є —Б–µ—А–≤–µ—А
2026-04-01 21:43:47,213 - ERROR - [FAIL] –Э–µ —Г–і–∞–ї–Њ—Б—М —Б–Ї–∞—З–∞—В—М —Д–∞–є–ї –і–ї—П —Б—В–∞–љ—Ж–Є–Є 27612
2026-04-01 21:43:49,320 - INFO - 
============================================================
2026-04-01 21:43:49,331 - INFO - –°–Ї–∞—З–Є–≤–∞–љ–Є–µ —Б—В–∞–љ—Ж–Є–Є 26063
2026-04-01 21:43:49,340 - INFO - –Я–µ—А–Є–Њ–і: 01.01.2024 - 31.01.2024
2026-04-01 21:43:49,349 - INFO - ============================================================
2026-04-01 21:43:49,358 - INFO - –Я–Њ–њ—Л—В–Ї–∞ 1/3: https://ru1.rp5.ru/download/files.synop/26/26063.01.01.2024.31.01.2024.1.0.0.ru.utf8.00000000.csv.gz
2026-04-01 21:43:49,445 - WARNING - 403 Forbidden - –њ—А–Њ–±—Г–µ–Љ —Б–ї–µ–і—Г—О—Й–Є–є —Б–µ—А–≤–µ—А
2026-04-01 21:43:51,333 - INFO - –Я–Њ–њ—Л—В–Ї–∞ 1/3: https://ru2.rp5.ru/download/files.synop/26/26063.01.01.2024.31.01.2024.1.0.0.ru.utf8.00000000.csv.gz
2026-04-01 21:43:51,447 - WARNING - 403 Forbidden - –њ—А–Њ–±—Г–µ–Љ —Б–ї–µ–і—Г—О—Й–Є–є —Б–µ—А–≤–µ—А
2026-04-01 21:43:53,452 - INFO - –Я–Њ–њ—Л—В–Ї–∞ 1/3: https://ru3.rp5.ru/download/files.synop/26/26063.01.01.2024.31.01.2024.1.0.0.ru.utf8.00000000.csv.gz
2026-04-01 21:43:53,577 - WARNING - 403 Forbidden - –њ—А–Њ–±—Г–µ–Љ —Б–ї–µ–і—Г—О—Й–Є–є —Б–µ—А–≤–µ—А
2026-04-01 21:43:55,202 - ERROR - [FAIL] –Э–µ —Г–і–∞–ї–Њ—Б—М —Б–Ї–∞—З–∞—В—М —Д–∞–є–ї –і–ї—П —Б—В–∞–љ—Ж–Є–Є 26063
2026-04-01 21:43:57,296 - INFO - 
============================================================
2026-04-01 21:43:57,306 - INFO - –°–Ї–∞—З–Є–≤–∞–љ–Є–µ —Б—В–∞–љ—Ж–Є–Є 29634
2026-04-01 21:43:57,315 - INFO - –Я–µ—А–Є–Њ–і: 01.01.2024 - 31.01.2024
2026-04-01 21:43:57,324 - INFO - ============================================================
2026-04-01 21:43:57,332 - INFO - –Я–Њ–њ—Л—В–Ї–∞ 1/3: https://ru1.rp5.ru/download/files.synop/29/29634.01.01.2024.31.01.2024.1.0.0.ru.utf8.00000000.csv.gz
2026-04-01 21:43:57,416 - WARNING - 403 Forbidden - –њ—А–Њ–±—Г–µ–Љ —Б–ї–µ–і—Г—О—Й–Є–є —Б–µ—А–≤–µ—А
2026-04-01 21:43:59,306 - INFO - –Я–Њ–њ—Л—В–Ї–∞ 1/3: https://ru2.rp5.ru/download/files.synop/29/29634.01.01.2024.31.01.2024.1.0.0.ru.utf8.00000000.csv.gz
2026-04-01 21:43:59,429 - WARNING - 403 Forbidden - –њ—А–Њ–±—Г–µ–Љ —Б–ї–µ–і—Г—О—Й–Є–є —Б–µ—А–≤–µ—А
2026-04-01 21:44:01,444 - INFO - –Я–Њ–њ—Л—В–Ї–∞ 1/3: https://ru3.rp5.ru/download/files.synop/29/29634.01.01.2024.31.01.2024.1.0.0.ru.utf8.00000000.csv.gz
2026-04-01 21:44:01,557 - WARNING - 403 Forbidden - –њ—А–Њ–±—Г–µ–Љ —Б–ї–µ–і—Г—О—Й–Є–є —Б–µ—А–≤–µ—А
2026-04-01 21:44:03,369 - ERROR - [FAIL] –Э–µ —Г–і–∞–ї–Њ—Б—М —Б–Ї–∞—З–∞—В—М —Д–∞–є–ї –і–ї—П —Б—В–∞–љ—Ж–Є–Є 29634
2026-04-01 21:44:05,473 - INFO - 
============================================================
2026-04-01 21:44:05,483 - INFO - –°–Ї–∞—З–Є–≤–∞–љ–Є–µ —Б—В–∞–љ—Ж–Є–Є 28698
2026-04-01 21:44:05,492 - INFO - –Я–µ—А–Є–Њ–і: 01.01.2024 - 31.01.2024
2026-04-01 21:44:05,501 - INFO - ============================================================
2026-04-01 21:44:05,510 - INFO - –Я–Њ–њ—Л—В–Ї–∞ 1/3: https://ru1.rp5.ru/download/files.synop/28/28698.01.01.2024.31.01.2024.1.0.0.ru.utf8.00000000.csv.gz
2026-04-01 21:44:05,591 - WARNING - 403 Forbidden - –њ—А–Њ–±—Г–µ–Љ —Б–ї–µ–і—Г—О—Й–Є–є —Б–µ—А–≤–µ—А
2026-04-01 21:44:07,171 - INFO - –Я–Њ–њ—Л—В–Ї–∞ 1/3: https://ru2.rp5.ru/download/files.synop/28/28698.01.01.2024.31.01.2024.1.0.0.ru.utf8.00000000.csv.gz
2026-04-01 21:44:07,243 - WARNING - 403 Forbidden - –њ—А–Њ–±—Г–µ–Љ —Б–ї–µ–і—Г—О—Й–Є–є —Б–µ—А–≤–µ—А
2026-04-01 21:44:08,817 - INFO - –Я–Њ–њ—Л—В–Ї–∞ 1/3: https://ru3.rp5.ru/download/files.synop/28/28698.01.01.2024.31.01.2024.1.0.0.ru.utf8.00000000.csv.gz
2026-04-01 21:44:08,918 - WARNING - 403 Forbidden - –њ—А–Њ–±—Г–µ–Љ —Б–ї–µ–і—Г—О—Й–Є–є —Б–µ—А–≤–µ—А
2026-04-01 21:44:10,060 - ERROR - [FAIL] –Э–µ —Г–і–∞–ї–Њ—Б—М —Б–Ї–∞—З–∞—В—М —Д–∞–є–ї –і–ї—П —Б—В–∞–љ—Ж–Є–Є 28698
2026-04-01 21:44:12,117 - INFO - 
============================================================
2026-04-01 21:44:12,127 - INFO - –°–Ї–∞—З–Є–≤–∞–љ–Є–µ —Б—В–∞–љ—Ж–Є–Є 27595
2026-04-01 21:44:12,136 - INFO - –Я–µ—А–Є–Њ–і: 01.01.2024 - 31.01.2024
2026-04-01 21:44:12,145 - INFO - ============================================================
2026-04-01 21:44:12,154 - INFO - –Я–Њ–њ—Л—В–Ї–∞ 1/3: https://ru1.rp5.ru/download/files.synop/27/27595.01.01.2024.31.01.2024.1.0.0.ru.utf8.00000000.csv.gz
2026-04-01 21:44:12,239 - WARNING - 403 Forbidden - –њ—А–Њ–±—Г–µ–Љ —Б–ї–µ–і—Г—О—Й–Є–є —Б–µ—А–≤–µ—А
2026-04-01 21:44:14,029 - INFO - –Я–Њ–њ—Л—В–Ї–∞ 1/3: https://ru2.rp5.ru/download/files.synop/27/27595.01.01.2024.31.01.2024.1.0.0.ru.utf8.00000000.csv.gz
2026-04-01 21:44:14,144 - WARNING - 403 Forbidden - –њ—А–Њ–±—Г–µ–Љ —Б–ї–µ–і—Г—О—Й–Є–є —Б–µ—А–≤–µ—А
2026-04-01 21:44:15,469 - INFO - –Я–Њ–њ—Л—В–Ї–∞ 1/3: https://ru3.rp5.ru/download/files.synop/27/27595.01.01.2024.31.01.2024.1.0.0.ru.utf8.00000000.csv.gz
2026-04-01 21:44:15,569 - WARNING - 403 Forbidden - –њ—А–Њ–±—Г–µ–Љ —Б–ї–µ–і—Г—О—Й–Є–є —Б–µ—А–≤–µ—А
2026-04-01 21:44:17,557 - ERROR - [FAIL] –Э–µ —Г–і–∞–ї–Њ—Б—М —Б–Ї–∞—З–∞—В—М —Д–∞–є–ї –і–ї—П —Б—В–∞–љ—Ж–Є–Є 27595
2026-04-01 21:44:19,609 - INFO - 
============================================================
2026-04-01 21:44:19,619 - INFO - –°–Ї–∞—З–Є–≤–∞–љ–Є–µ —Б—В–∞–љ—Ж–Є–Є 27459
2026-04-01 21:44:19,628 - INFO - –Я–µ—А–Є–Њ–і: 01.01.2024 - 31.01.2024
2026-04-01 21:44:19,638 - INFO - ============================================================
2026-04-01 21:44:19,646 - INFO - –Я–Њ–њ—Л—В–Ї–∞ 1/3: https://ru1.rp5.ru/download/files.synop/27/27459.01.01.2024.31.01.2024.1.0.0.ru.utf8.00000000.csv.gz
2026-04-01 21:44:19,767 - WARNING - 403 Forbidden - –њ—А–Њ–±—Г–µ–Љ —Б–ї–µ–і—Г—О—Й–Є–є —Б–µ—А–≤–µ—А
2026-04-01 21:44:20,862 - INFO - –Я–Њ–њ—Л—В–Ї–∞ 1/3: https://ru2.rp5.ru/download/files.synop/27/27459.01.01.2024.31.01.2024.1.0.0.ru.utf8.00000000.csv.gz
2026-04-01 21:44:20,955 - WARNING - 403 Forbidden - –њ—А–Њ–±—Г–µ–Љ —Б–ї–µ–і—Г—О—Й–Є–є —Б–µ—А–≤–µ—А
2026-04-01 21:44:22,506 - INFO - –Я–Њ–њ—Л—В–Ї–∞ 1/3: https://ru3.rp5.ru/download/files.synop/27/27459.01.01.2024.31.01.2024.1.0.0.ru.utf8.00000000.csv.gz
2026-04-01 21:44:22,579 - WARNING - 403 Forbidden - –њ—А–Њ–±—Г–µ–Љ —Б–ї–µ–і—Г—О—Й–Є–є —Б–µ—А–≤–µ—А
2026-04-01 21:44:24,604 - ERROR - [FAIL] –Э–µ —Г–і–∞–ї–Њ—Б—М —Б–Ї–∞—З–∞—В—М —Д–∞–є–ї –і–ї—П —Б—В–∞–љ—Ж–Є–Є 27459
2026-04-01 21:44:26,702 - INFO - 
============================================================
2026-04-01 21:44:26,712 - INFO - –°–Ї–∞—З–Є–≤–∞–љ–Є–µ —Б—В–∞–љ—Ж–Є–Є 28722
2026-04-01 21:44:26,721 - INFO - –Я–µ—А–Є–Њ–і: 01.01.2024 - 31.01.2024
2026-04-01 21:44:26,731 - INFO - ============================================================
2026-04-01 21:44:26,739 - INFO - –Я–Њ–њ—Л—В–Ї–∞ 1/3: https://ru1.rp5.ru/download/files.synop/28/28722.01.01.2024.31.01.2024.1.0.0.ru.utf8.00000000.csv.gz
2026-04-01 21:44:26,823 - WARNING - 403 Forbidden - –њ—А–Њ–±—Г–µ–Љ —Б–ї–µ–і—Г—О—Й–Є–є —Б–µ—А–≤–µ—А
2026-04-01 21:44:28,421 - INFO - –Я–Њ–њ—Л—В–Ї–∞ 1/3: https://ru2.rp5.ru/download/files.synop/28/28722.01.01.2024.31.01.2024.1.0.0.ru.utf8.00000000.csv.gz
2026-04-01 21:44:28,525 - WARNING - 403 Forbidden - –њ—А–Њ–±—Г–µ–Љ —Б–ї–µ–і—Г—О—Й–Є–є —Б–µ—А–≤–µ—А
2026-04-01 21:44:29,940 - INFO - –Я–Њ–њ—Л—В–Ї–∞ 1/3: https://ru3.rp5.ru/download/files.synop/28/28722.01.01.2024.31.01.2024.1.0.0.ru.utf8.00000000.csv.gz
2026-04-01 21:44:30,079 - WARNING - 403 Forbidden - –њ—А–Њ–±—Г–µ–Љ —Б–ї–µ–і—Г—О—Й–Є–є —Б–µ—А–≤–µ—А
2026-04-01 21:44:31,851 - ERROR - [FAIL] –Э–µ —Г–і–∞–ї–Њ—Б—М —Б–Ї–∞—З–∞—В—М —Д–∞–є–ї –і–ї—П —Б—В–∞–љ—Ж–Є–Є 28722
2026-04-01 21:44:33,911 - INFO - 
============================================================
2026-04-01 21:44:33,925 - INFO - –°–Ї–∞—З–Є–≤–∞–љ–Є–µ —Б—В–∞–љ—Ж–Є–Є 27995
2026-04-01 21:44:33,935 - INFO - –Я–µ—А–Є–Њ–і: 01.01.2024 - 31.01.2024
2026-04-01 21:44:33,946 - INFO - ============================================================
2026-04-01 21:44:33,957 - INFO - –Я–Њ–њ—Л—В–Ї–∞ 1/3: https://ru1.rp5.ru/download/files.synop/27/27995.01.01.2024.31.01.2024.1.0.0.ru.utf8.00000000.csv.gz
2026-04-01 21:44:34,052 - WARNING - 403 Forbidden - –њ—А–Њ–±—Г–µ–Љ —Б–ї–µ–і—Г—О—Й–Є–є —Б–µ—А–≤–µ—А
2026-04-01 21:44:35,132 - INFO - –Я–Њ–њ—Л—В–Ї–∞ 1/3: https://ru2.rp5.ru/download/files.synop/27/27995.01.01.2024.31.01.2024.1.0.0.ru.utf8.00000000.csv.gz
2026-04-01 21:44:35,227 - WARNING - 403 Forbidden - –њ—А–Њ–±—Г–µ–Љ —Б–ї–µ–і—Г—О—Й–Є–є —Б–µ—А–≤–µ—А
2026-04-01 21:44:36,322 - INFO - –Я–Њ–њ—Л—В–Ї–∞ 1/3: https://ru3.rp5.ru/download/files.synop/27/27995.01.01.2024.31.01.2024.1.0.0.ru.utf8.00000000.csv.gz
2026-04-01 21:44:36,395 - WARNING - 403 Forbidden - –њ—А–Њ–±—Г–µ–Љ —Б–ї–µ–і—Г—О—Й–Є–є —Б–µ—А–≤–µ—А
2026-04-01 21:44:38,193 - ERROR - [FAIL] –Э–µ —Г–і–∞–ї–Њ—Б—М —Б–Ї–∞—З–∞—В—М —Д–∞–є–ї –і–ї—П —Б—В–∞–љ—Ж–Є–Є 27995
2026-04-01 21:44:40,261 - INFO - 
============================================================
2026-04-01 21:44:40,278 - INFO - –°–Ї–∞—З–Є–≤–∞–љ–Є–µ —Б—В–∞–љ—Ж–Є–Є 34731
2026-04-01 21:44:40,292 - INFO - –Я–µ—А–Є–Њ–і: 01.01.2024 - 31.01.2024
2026-04-01 21:44:40,307 - INFO - ============================================================
2026-04-01 21:44:40,320 - INFO - –Я–Њ–њ—Л—В–Ї–∞ 1/3: https://ru1.rp5.ru/download/files.synop/34/34731.01.01.2024.31.01.2024.1.0.0.ru.utf8.00000000.csv.gz
2026-04-01 21:44:40,408 - WARNING - 403 Forbidden - –њ—А–Њ–±—Г–µ–Љ —Б–ї–µ–і—Г—О—Й–Є–є —Б–µ—А–≤–µ—А
2026-04-01 21:44:42,335 - INFO - –Я–Њ–њ—Л—В–Ї–∞ 1/3: https://ru2.rp5.ru/download/files.synop/34/34731.01.01.2024.31.01.2024.1.0.0.ru.utf8.00000000.csv.gz
2026-04-01 21:44:42,435 - WARNING - 403 Forbidden - –њ—А–Њ–±—Г–µ–Љ —Б–ї–µ–і—Г—О—Й–Є–є —Б–µ—А–≤–µ—А
2026-04-01 21:44:43,961 - INFO - –Я–Њ–њ—Л—В–Ї–∞ 1/3: https://ru3.rp5.ru/download/files.synop/34/34731.01.01.2024.31.01.2024.1.0.0.ru.utf8.00000000.csv.gz
2026-04-01 21:44:44,061 - WARNING - 403 Forbidden - –њ—А–Њ–±—Г–µ–Љ —Б–ї–µ–і—Г—О—Й–Є–є —Б–µ—А–≤–µ—А
2026-04-01 21:44:45,747 - ERROR - [FAIL] –Э–µ —Г–і–∞–ї–Њ—Б—М —Б–Ї–∞—З–∞—В—М —Д–∞–є–ї –і–ї—П —Б—В–∞–љ—Ж–Є–Є 34731
2026-04-01 21:44:47,829 - INFO - 
============================================================
2026-04-01 21:44:47,847 - INFO - –°–Ї–∞—З–Є–≤–∞–љ–Є–µ —Б—В–∞–љ—Ж–Є–Є 29570
2026-04-01 21:44:47,861 - INFO - –Я–µ—А–Є–Њ–і: 01.01.2024 - 31.01.2024
2026-04-01 21:44:47,874 - INFO - ============================================================
2026-04-01 21:44:47,887 - INFO - –Я–Њ–њ—Л—В–Ї–∞ 1/3: https://ru1.rp5.ru/download/files.synop/29/29570.01.01.2024.31.01.2024.1.0.0.ru.utf8.00000000.csv.gz
2026-04-01 21:44:47,977 - WARNING - 403 Forbidden - –њ—А–Њ–±—Г–µ–Љ —Б–ї–µ–і—Г—О—Й–Є–є —Б–µ—А–≤–µ—А
2026-04-01 21:44:49,443 - INFO - –Я–Њ–њ—Л—В–Ї–∞ 1/3: https://ru2.rp5.ru/download/files.synop/29/29570.01.01.2024.31.01.2024.1.0.0.ru.utf8.00000000.csv.gz
2026-04-01 21:44:49,519 - WARNING - 403 Forbidden - –њ—А–Њ–±—Г–µ–Љ —Б–ї–µ–і—Г—О—Й–Є–є —Б–µ—А–≤–µ—А
2026-04-01 21:44:50,623 - INFO - –Я–Њ–њ—Л—В–Ї–∞ 1/3: https://ru3.rp5.ru/download/files.synop/29/29570.01.01.2024.31.01.2024.1.0.0.ru.utf8.00000000.csv.gz
2026-04-01 21:44:50,737 - WARNING - 403 Forbidden - –њ—А–Њ–±—Г–µ–Љ —Б–ї–µ–і—Г—О—Й–Є–є —Б–µ—А–≤–µ—А
2026-04-01 21:44:52,124 - ERROR - [FAIL] –Э–µ —Г–і–∞–ї–Њ—Б—М —Б–Ї–∞—З–∞—В—М —Д–∞–є–ї –і–ї—П —Б—В–∞–љ—Ж–Є–Є 29570
2026-04-01 21:44:54,189 - INFO - 
============================================================
2026-04-01 21:44:54,199 - INFO - –°–Ї–∞—З–Є–≤–∞–љ–Є–µ —Б—В–∞–љ—Ж–Є–Є 34123
2026-04-01 21:44:54,209 - INFO - –Я–µ—А–Є–Њ–і: 01.01.2024 - 31.01.2024
2026-04-01 21:44:54,218 - INFO - ============================================================
2026-04-01 21:44:54,227 - INFO - –Я–Њ–њ—Л—В–Ї–∞ 1/3: https://ru1.rp5.ru/download/files.synop/34/34123.01.01.2024.31.01.2024.1.0.0.ru.utf8.00000000.csv.gz
2026-04-01 21:44:54,311 - WARNING - 403 Forbidden - –њ—А–Њ–±—Г–µ–Љ —Б–ї–µ–і—Г—О—Й–Є–є —Б–µ—А–≤–µ—А
2026-04-01 21:44:56,249 - INFO - –Я–Њ–њ—Л—В–Ї–∞ 1/3: https://ru2.rp5.ru/download/files.synop/34/34123.01.01.2024.31.01.2024.1.0.0.ru.utf8.00000000.csv.gz
2026-04-01 21:44:56,333 - WARNING - 403 Forbidden - –њ—А–Њ–±—Г–µ–Љ —Б–ї–µ–і—Г—О—Й–Є–є —Б–µ—А–≤–µ—А
2026-04-01 21:44:57,493 - INFO - –Я–Њ–њ—Л—В–Ї–∞ 1/3: https://ru3.rp5.ru/download/files.synop/34/34123.01.01.2024.31.01.2024.1.0.0.ru.utf8.00000000.csv.gz
2026-04-01 21:44:57,578 - WARNING - 403 Forbidden - –њ—А–Њ–±—Г–µ–Љ —Б–ї–µ–і—Г—О—Й–Є–є —Б–µ—А–≤–µ—А
2026-04-01 21:44:58,676 - ERROR - [FAIL] –Э–µ —Г–і–∞–ї–Њ—Б—М —Б–Ї–∞—З–∞—В—М —Д–∞–є–ї –і–ї—П —Б—В–∞–љ—Ж–Є–Є 34123
2026-04-01 21:45:00,791 - INFO - 
============================================================
2026-04-01 21:45:00,801 - INFO - –°–Ї–∞—З–Є–≤–∞–љ–Є–µ —Б—В–∞–љ—Ж–Є–Є 28224
2026-04-01 21:45:00,810 - INFO - –Я–µ—А–Є–Њ–і: 01.01.2024 - 31.01.2024
2026-04-01 21:45:00,820 - INFO - ============================================================
2026-04-01 21:45:00,829 - INFO - –Я–Њ–њ—Л—В–Ї–∞ 1/3: https://ru1.rp5.ru/download/files.synop/28/28224.01.01.2024.31.01.2024.1.0.0.ru.utf8.00000000.csv.gz
2026-04-01 21:45:00,912 - WARNING - 403 Forbidden - –њ—А–Њ–±—Г–µ–Љ —Б–ї–µ–і—Г—О—Й–Є–є —Б–µ—А–≤–µ—А
2026-04-01 21:45:02,544 - INFO - –Я–Њ–њ—Л—В–Ї–∞ 1/3: https://ru2.rp5.ru/download/files.synop/28/28224.01.01.2024.31.01.2024.1.0.0.ru.utf8.00000000.csv.gz
2026-04-01 21:45:02,627 - WARNING - 403 Forbidden - –њ—А–Њ–±—Г–µ–Љ —Б–ї–µ–і—Г—О—Й–Є–є —Б–µ—А–≤–µ—А
2026-04-01 21:45:04,328 - INFO - –Я–Њ–њ—Л—В–Ї–∞ 1/3: https://ru3.rp5.ru/download/files.synop/28/28224.01.01.2024.31.01.2024.1.0.0.ru.utf8.00000000.csv.gz
2026-04-01 21:45:04,444 - WARNING - 403 Forbidden - –њ—А–Њ–±—Г–µ–Љ —Б–ї–µ–і—Г—О—Й–Є–є —Б–µ—А–≤–µ—А
2026-04-01 21:45:06,324 - ERROR - [FAIL] –Э–µ —Г–і–∞–ї–Њ—Б—М —Б–Ї–∞—З–∞—В—М —Д–∞–є–ї –і–ї—П —Б—В–∞–љ—Ж–Є–Є 28224
2026-04-01 21:45:08,425 - INFO - 
============================================================
2026-04-01 21:45:08,435 - INFO - –°–Ї–∞—З–Є–≤–∞–љ–Є–µ —Б—В–∞–љ—Ж–Є–Є 34560
2026-04-01 21:45:08,445 - INFO - –Я–µ—А–Є–Њ–і: 01.01.2024 - 31.01.2024
2026-04-01 21:45:08,455 - INFO - ============================================================
2026-04-01 21:45:08,465 - INFO - –Я–Њ–њ—Л—В–Ї–∞ 1/3: https://ru1.rp5.ru/download/files.synop/34/34560.01.01.2024.31.01.2024.1.0.0.ru.utf8.00000000.csv.gz
2026-04-01 21:45:08,554 - WARNING - 403 Forbidden - –њ—А–Њ–±—Г–µ–Љ —Б–ї–µ–і—Г—О—Й–Є–є —Б–µ—А–≤–µ—А
2026-04-01 21:54:44,542 - INFO - 
============================================================
2026-04-01 21:54:44,544 - INFO - –°–Ї–∞—З–Є–≤–∞–љ–Є–µ —Б—В–∞–љ—Ж–Є–Є 28573
2026-04-01 21:54:44,547 - INFO - –Я–µ—А–Є–Њ–і: 01.01.2024 - 31.01.2024
2026-04-01 21:54:44,549 - INFO - ============================================================
2026-04-01 21:54:44,552 - INFO - –Я–Њ–ї—Г—З–µ–љ–Є–µ cookies —Б https://rp5.ru/
2026-04-01 21:54:45,562 - INFO - –Я–Њ–ї—Г—З–µ–љ–Њ cookies: 2 —И—В.
2026-04-01 21:54:47,405 - INFO - –Я–Њ–њ—Л—В–Ї–∞ 1/3: https://ru1.rp5.ru/download/files.synop/28/28573.01.01.2024.31.01.2024.1.0.0.ru.utf8.00000000.csv.gz
2026-04-01 21:55:03,591 - INFO - 
============================================================
2026-04-01 21:55:03,591 - INFO - –°–Ї–∞—З–Є–≤–∞–љ–Є–µ —Б—В–∞–љ—Ж–Є–Є 26063
2026-04-01 21:55:03,591 - INFO - –Я–µ—А–Є–Њ–і: 01.01.2024 - 31.12.2024
2026-04-01 21:55:03,592 - INFO - ============================================================
2026-04-01 21:55:03,592 - INFO - –Я–Њ–ї—Г—З–µ–љ–Є–µ cookies —Б https://rp5.ru/
2026-04-01 21:55:05,203 - INFO - –Я–Њ–ї—Г—З–µ–љ–Њ cookies: 2 —И—В.
2026-04-01 21:55:06,966 - INFO - –Я–Њ–њ—Л—В–Ї–∞ 1/3: https://ru1.rp5.ru/download/files.synop/26/26063.01.01.2024.31.12.2024.1.0.0.ru.utf8.00000000.csv.gz
2026-04-01 21:55:09,064 - INFO - [OK] –£—Б–њ–µ—И–љ–Њ —Б–Ї–∞—З–∞–љ–Њ: 115554 –±–∞–є—В
2026-04-01 21:55:09,065 - INFO - –°–Њ—Е—А–∞–љ–µ–љ .gz —Д–∞–є–ї: data\rp5-csv\26063.csv.gz
2026-04-01 21:55:09,072 - INFO - –†–∞—Б–њ–∞–Ї–Њ–≤–∞–љ CSV —Д–∞–є–ї: data\rp5-csv\26063.csv (1818007 –±–∞–є—В)
2026-04-01 21:55:09,074 - INFO - –£–і–∞–ї–µ–љ .gz —Д–∞–є–ї
2026-04-01 21:55:09,075 - INFO - –Ч–∞–≥—А—Г–Ј–Ї–∞ CSV –≤ DataFrame: data\rp5-csv\26063.csv
2026-04-01 21:55:09,105 - INFO - –Ч–∞–≥—А—Г–ґ–µ–љ–Њ —Б—В—А–Њ–Ї: 2927, —Б—В–Њ–ї–±—Ж–Њ–≤: 29
2026-04-01 21:55:09,105 - INFO - –°—В–Њ–ї–±—Ж—Л: –Ь–µ—Б—В–љ–Њ–µ –≤—А–µ–Љ—П –≤ –°–∞–љ–Ї—В-–Я–µ—В–µ—А–±—Г—А–≥–µ, T, Po, P, Pa, U, DD, Ff, ff10, ff3...
2026-04-01 21:55:09,112 - INFO - –°–µ—Б—Б–Є—П –Ј–∞–Ї—А—Л—В–∞
2026-04-01 22:00:52,715 - INFO - 
============================================================
2026-04-01 22:00:52,715 - INFO - –°–Ї–∞—З–Є–≤–∞–љ–Є–µ —Б—В–∞–љ—Ж–Є–Є 28573
2026-04-01 22:00:52,715 - INFO - –Я–µ—А–Є–Њ–і: 01.01.2024 - 31.12.2024
2026-04-01 22:00:52,716 - INFO - ============================================================
2026-04-01 22:00:52,716 - INFO - –Я–Њ–ї—Г—З–µ–љ–Є–µ cookies —Б https://rp5.ru/
2026-04-01 22:01:03,090 - WARNING - –Э–µ —Г–і–∞–ї–Њ—Б—М –њ–Њ–ї—Г—З–Є—В—М cookies: HTTPSConnectionPool(host='rp5.ru', port=443): Read timed out. (read timeout=10)
2026-04-01 22:01:03,093 - INFO - –Я—А–Њ–і–Њ–ї–ґ–∞–µ–Љ –±–µ–Ј –њ—А–µ–і–≤–∞—А–Є—В–µ–ї—М–љ—Л—Е cookies
2026-04-01 22:01:03,095 - INFO - –Я–Њ–њ—Л—В–Ї–∞ 1/3: https://ru1.rp5.ru/download/files.synop/28/28573.01.01.2024.31.12.2024.1.0.0.ru.utf8.00000000.csv.gz
2026-04-01 22:01:04,375 - WARNING - 403 Forbidden - –њ—А–Њ–±—Г–µ–Љ —Б–ї–µ–і—Г—О—Й–Є–є —Б–µ—А–≤–µ—А
2026-04-01 22:01:05,653 - INFO - –Я–Њ–њ—Л—В–Ї–∞ 1/3: https://ru2.rp5.ru/download/files.synop/28/28573.01.01.2024.31.12.2024.1.0.0.ru.utf8.00000000.csv.gz
